Active-HDL 11.1.262.7351 2022-03-16 19:06:55

Elaboration top modules:
Architecture                  seven_seg_disp(seven_seg_disp)


---------------------------------------------------------------------------------------------------
Entity         | Architecture   | Library   | Info | Compiler Version        | Compilation Options
---------------------------------------------------------------------------------------------------
seven_seg_disp | seven_seg_disp | tutorvhdl |      | 11.1.262.7351 (Windows) | -dbg
---------------------------------------------------------------------------------------------------

---------------------------------------------------------------------------------------------------
VHDL Package                    | Library   | Info | Compiler Version        | Compilation Options
---------------------------------------------------------------------------------------------------
standard                        | std       |      |                         | <unavailable>
TEXTIO                          | std       |      |                         | <unavailable>
std_logic_1164                  | ieee      |      |                         | <unavailable>
std_logic_arith                 | ieee      |      |                         | <unavailable>
STD_LOGIC_UNSIGNED              | ieee      |      |                         | <unavailable>
---------------------------------------------------------------------------------------------------

---------------------------------------------------------------------------------------------------
Library                         | Comment
---------------------------------------------------------------------------------------------------
ieee                            | Standard IEEE packages library
std                             | Standard VHDL library
tutorvhdl                       | None
---------------------------------------------------------------------------------------------------
